<?xml version="1.0" encoding="UTF-8"?>
<!-- Generated by org.testng.reporters.JUnitReportReporter -->
<testsuite hostname="DESKTOP-C4LC40M" failures="0" tests="4" name="TestLayer.HomePageTest" time="1.734" errors="0" timestamp="2022-11-25T16:47:58 IST" skipped="0">
  <testcase classname="TestLayer.HomePageTest" name="validateHomePageTitle" time="0.010"/>
  <system-out/>
  <testcase classname="TestLayer.HomePageTest" name="validateHomePageUrl" time="0.008"/>
  <system-out/>
  <testcase classname="TestLayer.HomePageTest" name="validateHomePageLogo" time="1.663"/>
  <system-out/>
  <testcase classname="TestLayer.HomePageTest" name="validateHomePageLoggedUsername" time="0.053"/>
  <system-out/>
</testsuite> <!-- TestLayer.HomePageTest -->
