<?xml version="1.0" encoding="UTF-8"?>
<!-- Generated by org.testng.reporters.JUnitReportReporter -->
<testsuite hostname="DESKTOP-C4LC40M" failures="0" tests="1" name="TestLayer.LoginPageTest" time="0.358" errors="0" timestamp="2022-11-25T21:21:32 IST" skipped="0">
  <testcase classname="TestLayer.LoginPageTest" name="validateLoginFunctionality" time="0.358"/>
  <system-out/>
</testsuite> <!-- TestLayer.LoginPageTest -->
