<?xml version="1.0" encoding="UTF-8"?>
<!-- Generated by org.testng.reporters.JUnitReportReporter -->
<testsuite hostname="DESKTOP-C4LC40M" failures="0" tests="2" name="TestLayer.LoginPage" time="1.353" errors="0" timestamp="2022-11-18T07:38:55 IST" skipped="0">
  <testcase classname="TestLayer.LoginPage" name="loginFunctionality" time="0.663"/>
  <system-out/>
  <testcase classname="TestLayer.LoginPage" name="loginFunctionality" time="0.690"/>
  <system-out/>
</testsuite> <!-- TestLayer.LoginPage -->
