<?xml version="1.0" encoding="UTF-8"?>
<!-- Generated by org.testng.reporters.JUnitReportReporter -->
<testsuite hostname="DESKTOP-C4LC40M" failures="0" tests="4" name="TestLayer.CompaniesPage" time="38.909" errors="0" timestamp="2022-11-18T07:38:55 IST" skipped="0">
  <testcase classname="TestLayer.CompaniesPage" name="verifyUserIsOnCompanyPage" time="5.457"/>
  <system-out/>
  <testcase classname="TestLayer.CompaniesPage" name="createNewCompany" time="11.704"/>
  <system-out/>
  <testcase classname="TestLayer.CompaniesPage" name="updateCompanyName" time="14.777"/>
  <system-out/>
  <testcase classname="TestLayer.CompaniesPage" name="deleteCompany" time="6.971"/>
  <system-out/>
</testsuite> <!-- TestLayer.CompaniesPage -->
