<?xml version="1.0" encoding="UTF-8"?>
<!-- Generated by org.testng.reporters.JUnitReportReporter -->
<testsuite hostname="DESKTOP-C4LC40M" failures="0" tests="6" name="TestLayer.HomePage" time="3.202" errors="0" timestamp="2022-11-18T07:38:55 IST" skipped="0">
  <testcase classname="TestLayer.HomePage" name="validateHomePageTitle" time="0.071"/>
  <system-out/>
  <testcase classname="TestLayer.HomePage" name="validateHomePageTitle" time="0.041"/>
  <system-out/>
  <testcase classname="TestLayer.HomePage" name="validateHomePageUrl" time="0.016"/>
  <system-out/>
  <testcase classname="TestLayer.HomePage" name="validateHomePageUrl" time="0.029"/>
  <system-out/>
  <testcase classname="TestLayer.HomePage" name="validateHomePageLogo" time="1.643"/>
  <system-out/>
  <testcase classname="TestLayer.HomePage" name="validateHomePageLogo" time="1.402"/>
  <system-out/>
</testsuite> <!-- TestLayer.HomePage -->
