<?xml version="1.0" encoding="UTF-8"?>
<!-- Generated by org.testng.reporters.JUnitReportReporter -->
<testsuite hostname="DESKTOP-C4LC40M" failures="0" tests="4" name="TestLayer.ContactPage" time="41.637" errors="0" timestamp="2022-11-18T07:38:55 IST" skipped="0">
  <testcase classname="TestLayer.ContactPage" name="verifyUserIsOnContactPage" time="0.260"/>
  <system-out/>
  <testcase classname="TestLayer.ContactPage" name="createANewUser" time="13.373"/>
  <system-out/>
  <testcase classname="TestLayer.ContactPage" name="updateUserDetails" time="20.187"/>
  <system-out/>
  <testcase classname="TestLayer.ContactPage" name="deleteUser" time="7.817"/>
  <system-out/>
</testsuite> <!-- TestLayer.ContactPage -->
